08-Nov-2024 01:13:48.581 INFO [main] org.apache.catalina.startup.VersionLoggerListener.log Server version name:   Apache Tomcat/9.0.76
08-Nov-2024 01:13:48.587 INFO [main] org.apache.catalina.startup.VersionLoggerListener.log Server built:          Jun 5 2023 07:17:04 UTC
08-Nov-2024 01:13:48.588 INFO [main] org.apache.catalina.startup.VersionLoggerListener.log Server version number: 9.0.76.0
08-Nov-2024 01:13:48.588 INFO [main] org.apache.catalina.startup.VersionLoggerListener.log OS Name:               Linux
08-Nov-2024 01:13:48.588 INFO [main] org.apache.catalina.startup.VersionLoggerListener.log OS Version:            5.10.43
08-Nov-2024 01:13:48.588 INFO [main] org.apache.catalina.startup.VersionLoggerListener.log Architecture:          aarch64
08-Nov-2024 01:13:48.588 INFO [main] org.apache.catalina.startup.VersionLoggerListener.log Java Home:             /data/data/com.termux/files/usr/lib/jvm/java-17-openjdk
08-Nov-2024 01:13:48.588 INFO [main] org.apache.catalina.startup.VersionLoggerListener.log JVM Version:           17-internal+0-adhoc..src
08-Nov-2024 01:13:48.588 INFO [main] org.apache.catalina.startup.VersionLoggerListener.log JVM Vendor:            Oracle Corporation
08-Nov-2024 01:13:48.588 INFO [main] org.apache.catalina.startup.VersionLoggerListener.log CATALINA_BASE:         /data/data/com.termux/files/home/Projects/TomcatProj/tomcat
08-Nov-2024 01:13:48.588 INFO [main] org.apache.catalina.startup.VersionLoggerListener.log CATALINA_HOME:         /data/data/com.termux/files/home/Projects/TomcatProj/tomcat
08-Nov-2024 01:13:48.606 INFO [main] org.apache.catalina.startup.VersionLoggerListener.log Command line argument: --add-opens=java.base/java.lang=ALL-UNNAMED
08-Nov-2024 01:13:48.606 INFO [main] org.apache.catalina.startup.VersionLoggerListener.log Command line argument: --add-opens=java.base/java.io=ALL-UNNAMED
08-Nov-2024 01:13:48.606 INFO [main] org.apache.catalina.startup.VersionLoggerListener.log Command line argument: --add-opens=java.base/java.util=ALL-UNNAMED
08-Nov-2024 01:13:48.606 INFO [main] org.apache.catalina.startup.VersionLoggerListener.log Command line argument: --add-opens=java.base/java.util.concurrent=ALL-UNNAMED
08-Nov-2024 01:13:48.606 INFO [main] org.apache.catalina.startup.VersionLoggerListener.log Command line argument: --add-opens=java.rmi/sun.rmi.transport=ALL-UNNAMED
08-Nov-2024 01:13:48.606 INFO [main] org.apache.catalina.startup.VersionLoggerListener.log Command line argument: -Djava.util.logging.config.file=/data/data/com.termux/files/home/Projects/TomcatProj/tomcat/conf/logging.properties
08-Nov-2024 01:13:48.607 INFO [main] org.apache.catalina.startup.VersionLoggerListener.log Command line argument: -Djava.util.logging.manager=org.apache.juli.ClassLoaderLogManager
08-Nov-2024 01:13:48.607 INFO [main] org.apache.catalina.startup.VersionLoggerListener.log Command line argument: -Djdk.tls.ephemeralDHKeySize=2048
08-Nov-2024 01:13:48.607 INFO [main] org.apache.catalina.startup.VersionLoggerListener.log Command line argument: -Djava.protocol.handler.pkgs=org.apache.catalina.webresources
08-Nov-2024 01:13:48.607 INFO [main] org.apache.catalina.startup.VersionLoggerListener.log Command line argument: -Dorg.apache.catalina.security.SecurityListener.UMASK=0027
08-Nov-2024 01:13:48.607 INFO [main] org.apache.catalina.startup.VersionLoggerListener.log Command line argument: -Dignore.endorsed.dirs=
08-Nov-2024 01:13:48.607 INFO [main] org.apache.catalina.startup.VersionLoggerListener.log Command line argument: -Dcatalina.base=/data/data/com.termux/files/home/Projects/TomcatProj/tomcat
08-Nov-2024 01:13:48.607 INFO [main] org.apache.catalina.startup.VersionLoggerListener.log Command line argument: -Dcatalina.home=/data/data/com.termux/files/home/Projects/TomcatProj/tomcat
08-Nov-2024 01:13:48.607 INFO [main] org.apache.catalina.startup.VersionLoggerListener.log Command line argument: -Djava.io.tmpdir=/data/data/com.termux/files/home/Projects/TomcatProj/tomcat/temp
08-Nov-2024 01:13:48.608 INFO [main] org.apache.catalina.core.AprLifecycleListener.lifecycleEvent The Apache Tomcat Native library which allows using OpenSSL was not found on the java.library.path: [/usr/java/packages/lib:/lib:/usr/lib]
08-Nov-2024 01:13:48.943 INFO [main] org.apache.coyote.AbstractProtocol.init Initializing ProtocolHandler ["http-nio-8080"]
08-Nov-2024 01:13:48.980 INFO [main] org.apache.catalina.startup.Catalina.load Server initialization in [625] milliseconds
08-Nov-2024 01:13:49.032 INFO [main] org.apache.catalina.core.StandardService.startInternal Starting service [Catalina]
08-Nov-2024 01:13:49.033 INFO [main] org.apache.catalina.core.StandardEngine.startInternal Starting Servlet engine: [Apache Tomcat/9.0.76]
08-Nov-2024 01:13:49.044 INFO [main] org.apache.catalina.startup.HostConfig.deployDirectory Deploying web application directory [/data/data/com.termux/files/home/Projects/TomcatProj/tomcat/webapps/ROOT]
08-Nov-2024 01:13:49.451 INFO [main] org.apache.jasper.servlet.TldScanner.scanJars At least one JAR was scanned for TLDs yet contained no TLDs. Enable debug logging for this logger for a complete list of JARs that were scanned but no TLDs were found in them. Skipping unneeded JARs during scanning can improve startup time and JSP compilation time.
08-Nov-2024 01:13:49.529 INFO [main] org.apache.catalina.startup.HostConfig.deployDirectory Deployment of web application directory [/data/data/com.termux/files/home/Projects/TomcatProj/tomcat/webapps/ROOT] has finished in [485] ms
08-Nov-2024 01:13:49.529 INFO [main] org.apache.catalina.startup.HostConfig.deployDirectory Deploying web application directory [/data/data/com.termux/files/home/Projects/TomcatProj/tomcat/webapps/docs]
08-Nov-2024 01:13:49.633 INFO [main] org.apache.jasper.servlet.TldScanner.scanJars At least one JAR was scanned for TLDs yet contained no TLDs. Enable debug logging for this logger for a complete list of JARs that were scanned but no TLDs were found in them. Skipping unneeded JARs during scanning can improve startup time and JSP compilation time.
08-Nov-2024 01:13:49.638 INFO [main] org.apache.catalina.startup.HostConfig.deployDirectory Deployment of web application directory [/data/data/com.termux/files/home/Projects/TomcatProj/tomcat/webapps/docs] has finished in [109] ms
08-Nov-2024 01:13:49.638 INFO [main] org.apache.catalina.startup.HostConfig.deployDirectory Deploying web application directory [/data/data/com.termux/files/home/Projects/TomcatProj/tomcat/webapps/examples]
08-Nov-2024 01:13:49.972 INFO [main] org.apache.jasper.servlet.TldScanner.scanJars At least one JAR was scanned for TLDs yet contained no TLDs. Enable debug logging for this logger for a complete list of JARs that were scanned but no TLDs were found in them. Skipping unneeded JARs during scanning can improve startup time and JSP compilation time.
08-Nov-2024 01:13:50.023 INFO [main] org.apache.catalina.startup.HostConfig.deployDirectory Deployment of web application directory [/data/data/com.termux/files/home/Projects/TomcatProj/tomcat/webapps/examples] has finished in [385] ms
08-Nov-2024 01:13:50.023 INFO [main] org.apache.catalina.startup.HostConfig.deployDirectory Deploying web application directory [/data/data/com.termux/files/home/Projects/TomcatProj/tomcat/webapps/host-manager]
08-Nov-2024 01:13:50.135 INFO [main] org.apache.jasper.servlet.TldScanner.scanJars At least one JAR was scanned for TLDs yet contained no TLDs. Enable debug logging for this logger for a complete list of JARs that were scanned but no TLDs were found in them. Skipping unneeded JARs during scanning can improve startup time and JSP compilation time.
08-Nov-2024 01:13:50.147 INFO [main] org.apache.catalina.startup.HostConfig.deployDirectory Deployment of web application directory [/data/data/com.termux/files/home/Projects/TomcatProj/tomcat/webapps/host-manager] has finished in [123] ms
08-Nov-2024 01:13:50.147 INFO [main] org.apache.catalina.startup.HostConfig.deployDirectory Deploying web application directory [/data/data/com.termux/files/home/Projects/TomcatProj/tomcat/webapps/manager]
08-Nov-2024 01:13:50.232 INFO [main] org.apache.jasper.servlet.TldScanner.scanJars At least one JAR was scanned for TLDs yet contained no TLDs. Enable debug logging for this logger for a complete list of JARs that were scanned but no TLDs were found in them. Skipping unneeded JARs during scanning can improve startup time and JSP compilation time.
08-Nov-2024 01:13:50.236 INFO [main] org.apache.catalina.startup.HostConfig.deployDirectory Deployment of web application directory [/data/data/com.termux/files/home/Projects/TomcatProj/tomcat/webapps/manager] has finished in [88] ms
08-Nov-2024 01:13:50.236 INFO [main] org.apache.catalina.startup.HostConfig.deployDirectory Deploying web application directory [/data/data/com.termux/files/home/Projects/TomcatProj/tomcat/webapps/student-management]
08-Nov-2024 01:13:50.303 INFO [main] org.apache.jasper.servlet.TldScanner.scanJars At least one JAR was scanned for TLDs yet contained no TLDs. Enable debug logging for this logger for a complete list of JARs that were scanned but no TLDs were found in them. Skipping unneeded JARs during scanning can improve startup time and JSP compilation time.
08-Nov-2024 01:13:50.310 INFO [main] org.apache.catalina.startup.HostConfig.deployDirectory Deployment of web application directory [/data/data/com.termux/files/home/Projects/TomcatProj/tomcat/webapps/student-management] has finished in [73] ms
08-Nov-2024 01:13:50.310 INFO [main] org.apache.catalina.startup.HostConfig.deployDirectory Deploying web application directory [/data/data/com.termux/files/home/Projects/TomcatProj/tomcat/webapps/front-learning]
08-Nov-2024 01:13:50.368 INFO [main] org.apache.jasper.servlet.TldScanner.scanJars At least one JAR was scanned for TLDs yet contained no TLDs. Enable debug logging for this logger for a complete list of JARs that were scanned but no TLDs were found in them. Skipping unneeded JARs during scanning can improve startup time and JSP compilation time.
08-Nov-2024 01:13:50.371 INFO [main] org.apache.catalina.startup.HostConfig.deployDirectory Deployment of web application directory [/data/data/com.termux/files/home/Projects/TomcatProj/tomcat/webapps/front-learning] has finished in [60] ms
08-Nov-2024 01:13:50.374 INFO [main] org.apache.coyote.AbstractProtocol.start Starting ProtocolHandler ["http-nio-8080"]
08-Nov-2024 01:13:50.389 INFO [main] org.apache.catalina.startup.Catalina.start Server startup in [1408] milliseconds
08-Nov-2024 02:01:17.415 INFO [main] org.apache.catalina.core.StandardServer.await A valid shutdown command was received via the shutdown port. Stopping the Server instance.
08-Nov-2024 02:01:17.417 INFO [main] org.apache.coyote.AbstractProtocol.pause Pausing ProtocolHandler ["http-nio-8080"]
08-Nov-2024 02:01:17.420 INFO [main] org.apache.catalina.core.StandardService.stopInternal Stopping service [Catalina]
08-Nov-2024 02:01:17.475 INFO [main] org.apache.coyote.AbstractProtocol.stop Stopping ProtocolHandler ["http-nio-8080"]
08-Nov-2024 02:01:17.485 INFO [main] org.apache.coyote.AbstractProtocol.destroy Destroying ProtocolHandler ["http-nio-8080"]
08-Nov-2024 06:45:32.897 INFO [main] org.apache.catalina.startup.VersionLoggerListener.log Server version name:   Apache Tomcat/9.0.76
08-Nov-2024 06:45:32.906 INFO [main] org.apache.catalina.startup.VersionLoggerListener.log Server built:          Jun 5 2023 07:17:04 UTC
08-Nov-2024 06:45:32.906 INFO [main] org.apache.catalina.startup.VersionLoggerListener.log Server version number: 9.0.76.0
08-Nov-2024 06:45:32.906 INFO [main] org.apache.catalina.startup.VersionLoggerListener.log OS Name:               Linux
08-Nov-2024 06:45:32.906 INFO [main] org.apache.catalina.startup.VersionLoggerListener.log OS Version:            5.10.43
08-Nov-2024 06:45:32.906 INFO [main] org.apache.catalina.startup.VersionLoggerListener.log Architecture:          aarch64
08-Nov-2024 06:45:32.906 INFO [main] org.apache.catalina.startup.VersionLoggerListener.log Java Home:             /data/data/com.termux/files/usr/lib/jvm/java-17-openjdk
08-Nov-2024 06:45:32.906 INFO [main] org.apache.catalina.startup.VersionLoggerListener.log JVM Version:           17-internal+0-adhoc..src
08-Nov-2024 06:45:32.907 INFO [main] org.apache.catalina.startup.VersionLoggerListener.log JVM Vendor:            Oracle Corporation
08-Nov-2024 06:45:32.907 INFO [main] org.apache.catalina.startup.VersionLoggerListener.log CATALINA_BASE:         /data/data/com.termux/files/home/Projects/Git/TomcatProj_2024_11
08-Nov-2024 06:45:32.907 INFO [main] org.apache.catalina.startup.VersionLoggerListener.log CATALINA_HOME:         /data/data/com.termux/files/home/Projects/Git/TomcatProj_2024_11
08-Nov-2024 06:45:32.924 INFO [main] org.apache.catalina.startup.VersionLoggerListener.log Command line argument: --add-opens=java.base/java.lang=ALL-UNNAMED
08-Nov-2024 06:45:32.925 INFO [main] org.apache.catalina.startup.VersionLoggerListener.log Command line argument: --add-opens=java.base/java.io=ALL-UNNAMED
08-Nov-2024 06:45:32.925 INFO [main] org.apache.catalina.startup.VersionLoggerListener.log Command line argument: --add-opens=java.base/java.util=ALL-UNNAMED
08-Nov-2024 06:45:32.925 INFO [main] org.apache.catalina.startup.VersionLoggerListener.log Command line argument: --add-opens=java.base/java.util.concurrent=ALL-UNNAMED
08-Nov-2024 06:45:32.925 INFO [main] org.apache.catalina.startup.VersionLoggerListener.log Command line argument: --add-opens=java.rmi/sun.rmi.transport=ALL-UNNAMED
08-Nov-2024 06:45:32.925 INFO [main] org.apache.catalina.startup.VersionLoggerListener.log Command line argument: -Djava.util.logging.config.file=/data/data/com.termux/files/home/Projects/Git/TomcatProj_2024_11/conf/logging.properties
08-Nov-2024 06:45:32.925 INFO [main] org.apache.catalina.startup.VersionLoggerListener.log Command line argument: -Djava.util.logging.manager=org.apache.juli.ClassLoaderLogManager
08-Nov-2024 06:45:32.925 INFO [main] org.apache.catalina.startup.VersionLoggerListener.log Command line argument: -Djdk.tls.ephemeralDHKeySize=2048
08-Nov-2024 06:45:32.925 INFO [main] org.apache.catalina.startup.VersionLoggerListener.log Command line argument: -Djava.protocol.handler.pkgs=org.apache.catalina.webresources
08-Nov-2024 06:45:32.925 INFO [main] org.apache.catalina.startup.VersionLoggerListener.log Command line argument: -Dorg.apache.catalina.security.SecurityListener.UMASK=0027
08-Nov-2024 06:45:32.925 INFO [main] org.apache.catalina.startup.VersionLoggerListener.log Command line argument: -Dignore.endorsed.dirs=
08-Nov-2024 06:45:32.925 INFO [main] org.apache.catalina.startup.VersionLoggerListener.log Command line argument: -Dcatalina.base=/data/data/com.termux/files/home/Projects/Git/TomcatProj_2024_11
08-Nov-2024 06:45:32.925 INFO [main] org.apache.catalina.startup.VersionLoggerListener.log Command line argument: -Dcatalina.home=/data/data/com.termux/files/home/Projects/Git/TomcatProj_2024_11
08-Nov-2024 06:45:32.926 INFO [main] org.apache.catalina.startup.VersionLoggerListener.log Command line argument: -Djava.io.tmpdir=/data/data/com.termux/files/home/Projects/Git/TomcatProj_2024_11/temp
08-Nov-2024 06:45:32.927 INFO [main] org.apache.catalina.core.AprLifecycleListener.lifecycleEvent The Apache Tomcat Native library which allows using OpenSSL was not found on the java.library.path: [/usr/java/packages/lib:/lib:/usr/lib]
08-Nov-2024 06:45:33.271 INFO [main] org.apache.coyote.AbstractProtocol.init Initializing ProtocolHandler ["http-nio-8080"]
08-Nov-2024 06:45:33.308 INFO [main] org.apache.catalina.startup.Catalina.load Server initialization in [647] milliseconds
08-Nov-2024 06:45:33.366 INFO [main] org.apache.catalina.core.StandardService.startInternal Starting service [Catalina]
08-Nov-2024 06:45:33.367 INFO [main] org.apache.catalina.core.StandardEngine.startInternal Starting Servlet engine: [Apache Tomcat/9.0.76]
08-Nov-2024 06:45:33.377 INFO [main] org.apache.catalina.startup.HostConfig.deployDirectory Deploying web application directory [/data/data/com.termux/files/home/Projects/Git/TomcatProj_2024_11/webapps/ROOT]
08-Nov-2024 06:45:33.809 INFO [main] org.apache.jasper.servlet.TldScanner.scanJars At least one JAR was scanned for TLDs yet contained no TLDs. Enable debug logging for this logger for a complete list of JARs that were scanned but no TLDs were found in them. Skipping unneeded JARs during scanning can improve startup time and JSP compilation time.
08-Nov-2024 06:45:33.895 INFO [main] org.apache.catalina.startup.HostConfig.deployDirectory Deployment of web application directory [/data/data/com.termux/files/home/Projects/Git/TomcatProj_2024_11/webapps/ROOT] has finished in [517] ms
08-Nov-2024 06:45:33.896 INFO [main] org.apache.catalina.startup.HostConfig.deployDirectory Deploying web application directory [/data/data/com.termux/files/home/Projects/Git/TomcatProj_2024_11/webapps/docs]
08-Nov-2024 06:45:34.000 INFO [main] org.apache.jasper.servlet.TldScanner.scanJars At least one JAR was scanned for TLDs yet contained no TLDs. Enable debug logging for this logger for a complete list of JARs that were scanned but no TLDs were found in them. Skipping unneeded JARs during scanning can improve startup time and JSP compilation time.
08-Nov-2024 06:45:34.002 INFO [main] org.apache.catalina.startup.HostConfig.deployDirectory Deployment of web application directory [/data/data/com.termux/files/home/Projects/Git/TomcatProj_2024_11/webapps/docs] has finished in [106] ms
08-Nov-2024 06:45:34.003 INFO [main] org.apache.catalina.startup.HostConfig.deployDirectory Deploying web application directory [/data/data/com.termux/files/home/Projects/Git/TomcatProj_2024_11/webapps/examples]
08-Nov-2024 06:45:34.406 INFO [main] org.apache.jasper.servlet.TldScanner.scanJars At least one JAR was scanned for TLDs yet contained no TLDs. Enable debug logging for this logger for a complete list of JARs that were scanned but no TLDs were found in them. Skipping unneeded JARs during scanning can improve startup time and JSP compilation time.
08-Nov-2024 06:45:34.498 INFO [main] org.apache.catalina.startup.HostConfig.deployDirectory Deployment of web application directory [/data/data/com.termux/files/home/Projects/Git/TomcatProj_2024_11/webapps/examples] has finished in [494] ms
08-Nov-2024 06:45:34.499 INFO [main] org.apache.catalina.startup.HostConfig.deployDirectory Deploying web application directory [/data/data/com.termux/files/home/Projects/Git/TomcatProj_2024_11/webapps/front-learning]
08-Nov-2024 06:45:34.638 INFO [main] org.apache.jasper.servlet.TldScanner.scanJars At least one JAR was scanned for TLDs yet contained no TLDs. Enable debug logging for this logger for a complete list of JARs that were scanned but no TLDs were found in them. Skipping unneeded JARs during scanning can improve startup time and JSP compilation time.
08-Nov-2024 06:45:34.650 INFO [main] org.apache.catalina.startup.HostConfig.deployDirectory Deployment of web application directory [/data/data/com.termux/files/home/Projects/Git/TomcatProj_2024_11/webapps/front-learning] has finished in [152] ms
08-Nov-2024 06:45:34.651 INFO [main] org.apache.catalina.startup.HostConfig.deployDirectory Deploying web application directory [/data/data/com.termux/files/home/Projects/Git/TomcatProj_2024_11/webapps/host-manager]
08-Nov-2024 06:45:34.761 INFO [main] org.apache.jasper.servlet.TldScanner.scanJars At least one JAR was scanned for TLDs yet contained no TLDs. Enable debug logging for this logger for a complete list of JARs that were scanned but no TLDs were found in them. Skipping unneeded JARs during scanning can improve startup time and JSP compilation time.
08-Nov-2024 06:45:34.768 INFO [main] org.apache.catalina.startup.HostConfig.deployDirectory Deployment of web application directory [/data/data/com.termux/files/home/Projects/Git/TomcatProj_2024_11/webapps/host-manager] has finished in [117] ms
08-Nov-2024 06:45:34.768 INFO [main] org.apache.catalina.startup.HostConfig.deployDirectory Deploying web application directory [/data/data/com.termux/files/home/Projects/Git/TomcatProj_2024_11/webapps/manager]
08-Nov-2024 06:45:34.871 INFO [main] org.apache.jasper.servlet.TldScanner.scanJars At least one JAR was scanned for TLDs yet contained no TLDs. Enable debug logging for this logger for a complete list of JARs that were scanned but no TLDs were found in them. Skipping unneeded JARs during scanning can improve startup time and JSP compilation time.
08-Nov-2024 06:45:34.874 INFO [main] org.apache.catalina.startup.HostConfig.deployDirectory Deployment of web application directory [/data/data/com.termux/files/home/Projects/Git/TomcatProj_2024_11/webapps/manager] has finished in [106] ms
08-Nov-2024 06:45:34.875 INFO [main] org.apache.catalina.startup.HostConfig.deployDirectory Deploying web application directory [/data/data/com.termux/files/home/Projects/Git/TomcatProj_2024_11/webapps/student-management]
08-Nov-2024 06:45:34.967 INFO [main] org.apache.jasper.servlet.TldScanner.scanJars At least one JAR was scanned for TLDs yet contained no TLDs. Enable debug logging for this logger for a complete list of JARs that were scanned but no TLDs were found in them. Skipping unneeded JARs during scanning can improve startup time and JSP compilation time.
08-Nov-2024 06:45:34.997 INFO [main] org.apache.catalina.startup.HostConfig.deployDirectory Deployment of web application directory [/data/data/com.termux/files/home/Projects/Git/TomcatProj_2024_11/webapps/student-management] has finished in [121] ms
08-Nov-2024 06:45:35.003 INFO [main] org.apache.coyote.AbstractProtocol.start Starting ProtocolHandler ["http-nio-8080"]
08-Nov-2024 06:45:35.028 INFO [main] org.apache.catalina.startup.Catalina.start Server startup in [1719] milliseconds
08-Nov-2024 06:48:31.671 INFO [main] org.apache.catalina.core.StandardServer.await A valid shutdown command was received via the shutdown port. Stopping the Server instance.
08-Nov-2024 06:48:31.672 INFO [main] org.apache.coyote.AbstractProtocol.pause Pausing ProtocolHandler ["http-nio-8080"]
08-Nov-2024 06:48:31.675 INFO [main] org.apache.catalina.core.StandardService.stopInternal Stopping service [Catalina]
08-Nov-2024 06:48:31.708 INFO [main] org.apache.coyote.AbstractProtocol.stop Stopping ProtocolHandler ["http-nio-8080"]
08-Nov-2024 06:48:31.718 INFO [main] org.apache.coyote.AbstractProtocol.destroy Destroying ProtocolHandler ["http-nio-8080"]
