28-Oct-2024 11:26:28.706 INFO [main] org.apache.catalina.startup.VersionLoggerListener.log Server version name:   Apache Tomcat/9.0.76
28-Oct-2024 11:26:28.712 INFO [main] org.apache.catalina.startup.VersionLoggerListener.log Server built:          Jun 5 2023 07:17:04 UTC
28-Oct-2024 11:26:28.712 INFO [main] org.apache.catalina.startup.VersionLoggerListener.log Server version number: 9.0.76.0
28-Oct-2024 11:26:28.712 INFO [main] org.apache.catalina.startup.VersionLoggerListener.log OS Name:               Linux
28-Oct-2024 11:26:28.712 INFO [main] org.apache.catalina.startup.VersionLoggerListener.log OS Version:            5.10.43
28-Oct-2024 11:26:28.712 INFO [main] org.apache.catalina.startup.VersionLoggerListener.log Architecture:          aarch64
28-Oct-2024 11:26:28.712 INFO [main] org.apache.catalina.startup.VersionLoggerListener.log Java Home:             /data/data/com.termux/files/usr/lib/jvm/java-17-openjdk
28-Oct-2024 11:26:28.712 INFO [main] org.apache.catalina.startup.VersionLoggerListener.log JVM Version:           17-internal+0-adhoc..src
28-Oct-2024 11:26:28.712 INFO [main] org.apache.catalina.startup.VersionLoggerListener.log JVM Vendor:            Oracle Corporation
28-Oct-2024 11:26:28.712 INFO [main] org.apache.catalina.startup.VersionLoggerListener.log CATALINA_BASE:         /data/data/com.termux/files/home/Projects/TomcatProj/tomcat
28-Oct-2024 11:26:28.713 INFO [main] org.apache.catalina.startup.VersionLoggerListener.log CATALINA_HOME:         /data/data/com.termux/files/home/Projects/TomcatProj/tomcat
28-Oct-2024 11:26:28.736 INFO [main] org.apache.catalina.startup.VersionLoggerListener.log Command line argument: --add-opens=java.base/java.lang=ALL-UNNAMED
28-Oct-2024 11:26:28.737 INFO [main] org.apache.catalina.startup.VersionLoggerListener.log Command line argument: --add-opens=java.base/java.io=ALL-UNNAMED
28-Oct-2024 11:26:28.737 INFO [main] org.apache.catalina.startup.VersionLoggerListener.log Command line argument: --add-opens=java.base/java.util=ALL-UNNAMED
28-Oct-2024 11:26:28.737 INFO [main] org.apache.catalina.startup.VersionLoggerListener.log Command line argument: --add-opens=java.base/java.util.concurrent=ALL-UNNAMED
28-Oct-2024 11:26:28.737 INFO [main] org.apache.catalina.startup.VersionLoggerListener.log Command line argument: --add-opens=java.rmi/sun.rmi.transport=ALL-UNNAMED
28-Oct-2024 11:26:28.737 INFO [main] org.apache.catalina.startup.VersionLoggerListener.log Command line argument: -Djava.util.logging.config.file=/data/data/com.termux/files/home/Projects/TomcatProj/tomcat/conf/logging.properties
28-Oct-2024 11:26:28.737 INFO [main] org.apache.catalina.startup.VersionLoggerListener.log Command line argument: -Djava.util.logging.manager=org.apache.juli.ClassLoaderLogManager
28-Oct-2024 11:26:28.738 INFO [main] org.apache.catalina.startup.VersionLoggerListener.log Command line argument: -Djdk.tls.ephemeralDHKeySize=2048
28-Oct-2024 11:26:28.738 INFO [main] org.apache.catalina.startup.VersionLoggerListener.log Command line argument: -Djava.protocol.handler.pkgs=org.apache.catalina.webresources
28-Oct-2024 11:26:28.738 INFO [main] org.apache.catalina.startup.VersionLoggerListener.log Command line argument: -Dorg.apache.catalina.security.SecurityListener.UMASK=0027
28-Oct-2024 11:26:28.738 INFO [main] org.apache.catalina.startup.VersionLoggerListener.log Command line argument: -Dignore.endorsed.dirs=
28-Oct-2024 11:26:28.738 INFO [main] org.apache.catalina.startup.VersionLoggerListener.log Command line argument: -Dcatalina.base=/data/data/com.termux/files/home/Projects/TomcatProj/tomcat
28-Oct-2024 11:26:28.738 INFO [main] org.apache.catalina.startup.VersionLoggerListener.log Command line argument: -Dcatalina.home=/data/data/com.termux/files/home/Projects/TomcatProj/tomcat
28-Oct-2024 11:26:28.738 INFO [main] org.apache.catalina.startup.VersionLoggerListener.log Command line argument: -Djava.io.tmpdir=/data/data/com.termux/files/home/Projects/TomcatProj/tomcat/temp
28-Oct-2024 11:26:28.740 INFO [main] org.apache.catalina.core.AprLifecycleListener.lifecycleEvent The Apache Tomcat Native library which allows using OpenSSL was not found on the java.library.path: [/usr/java/packages/lib:/lib:/usr/lib]
28-Oct-2024 11:26:29.117 INFO [main] org.apache.coyote.AbstractProtocol.init Initializing ProtocolHandler ["http-nio-8080"]
28-Oct-2024 11:26:29.152 INFO [main] org.apache.catalina.startup.Catalina.load Server initialization in [666] milliseconds
28-Oct-2024 11:26:29.207 INFO [main] org.apache.catalina.core.StandardService.startInternal Starting service [Catalina]
28-Oct-2024 11:26:29.207 INFO [main] org.apache.catalina.core.StandardEngine.startInternal Starting Servlet engine: [Apache Tomcat/9.0.76]
28-Oct-2024 11:26:29.220 INFO [main] org.apache.catalina.startup.HostConfig.deployDirectory Deploying web application directory [/data/data/com.termux/files/home/Projects/TomcatProj/tomcat/webapps/ROOT]
28-Oct-2024 11:26:29.618 INFO [main] org.apache.jasper.servlet.TldScanner.scanJars At least one JAR was scanned for TLDs yet contained no TLDs. Enable debug logging for this logger for a complete list of JARs that were scanned but no TLDs were found in them. Skipping unneeded JARs during scanning can improve startup time and JSP compilation time.
28-Oct-2024 11:26:29.688 INFO [main] org.apache.catalina.startup.HostConfig.deployDirectory Deployment of web application directory [/data/data/com.termux/files/home/Projects/TomcatProj/tomcat/webapps/ROOT] has finished in [467] ms
28-Oct-2024 11:26:29.689 INFO [main] org.apache.catalina.startup.HostConfig.deployDirectory Deploying web application directory [/data/data/com.termux/files/home/Projects/TomcatProj/tomcat/webapps/docs]
28-Oct-2024 11:26:29.777 INFO [main] org.apache.jasper.servlet.TldScanner.scanJars At least one JAR was scanned for TLDs yet contained no TLDs. Enable debug logging for this logger for a complete list of JARs that were scanned but no TLDs were found in them. Skipping unneeded JARs during scanning can improve startup time and JSP compilation time.
28-Oct-2024 11:26:29.779 INFO [main] org.apache.catalina.startup.HostConfig.deployDirectory Deployment of web application directory [/data/data/com.termux/files/home/Projects/TomcatProj/tomcat/webapps/docs] has finished in [91] ms
28-Oct-2024 11:26:29.780 INFO [main] org.apache.catalina.startup.HostConfig.deployDirectory Deploying web application directory [/data/data/com.termux/files/home/Projects/TomcatProj/tomcat/webapps/examples]
28-Oct-2024 11:26:30.170 INFO [main] org.apache.jasper.servlet.TldScanner.scanJars At least one JAR was scanned for TLDs yet contained no TLDs. Enable debug logging for this logger for a complete list of JARs that were scanned but no TLDs were found in them. Skipping unneeded JARs during scanning can improve startup time and JSP compilation time.
28-Oct-2024 11:26:30.224 INFO [main] org.apache.catalina.startup.HostConfig.deployDirectory Deployment of web application directory [/data/data/com.termux/files/home/Projects/TomcatProj/tomcat/webapps/examples] has finished in [444] ms
28-Oct-2024 11:26:30.226 INFO [main] org.apache.catalina.startup.HostConfig.deployDirectory Deploying web application directory [/data/data/com.termux/files/home/Projects/TomcatProj/tomcat/webapps/host-manager]
28-Oct-2024 11:26:30.327 INFO [main] org.apache.jasper.servlet.TldScanner.scanJars At least one JAR was scanned for TLDs yet contained no TLDs. Enable debug logging for this logger for a complete list of JARs that were scanned but no TLDs were found in them. Skipping unneeded JARs during scanning can improve startup time and JSP compilation time.
28-Oct-2024 11:26:30.332 INFO [main] org.apache.catalina.startup.HostConfig.deployDirectory Deployment of web application directory [/data/data/com.termux/files/home/Projects/TomcatProj/tomcat/webapps/host-manager] has finished in [105] ms
28-Oct-2024 11:26:30.334 INFO [main] org.apache.catalina.startup.HostConfig.deployDirectory Deploying web application directory [/data/data/com.termux/files/home/Projects/TomcatProj/tomcat/webapps/manager]
28-Oct-2024 11:26:30.415 INFO [main] org.apache.jasper.servlet.TldScanner.scanJars At least one JAR was scanned for TLDs yet contained no TLDs. Enable debug logging for this logger for a complete list of JARs that were scanned but no TLDs were found in them. Skipping unneeded JARs during scanning can improve startup time and JSP compilation time.
28-Oct-2024 11:26:30.418 INFO [main] org.apache.catalina.startup.HostConfig.deployDirectory Deployment of web application directory [/data/data/com.termux/files/home/Projects/TomcatProj/tomcat/webapps/manager] has finished in [83] ms
28-Oct-2024 11:26:30.418 INFO [main] org.apache.catalina.startup.HostConfig.deployDirectory Deploying web application directory [/data/data/com.termux/files/home/Projects/TomcatProj/tomcat/webapps/student-management]
28-Oct-2024 11:26:30.487 INFO [main] org.apache.jasper.servlet.TldScanner.scanJars At least one JAR was scanned for TLDs yet contained no TLDs. Enable debug logging for this logger for a complete list of JARs that were scanned but no TLDs were found in them. Skipping unneeded JARs during scanning can improve startup time and JSP compilation time.
28-Oct-2024 11:26:30.515 INFO [main] org.apache.catalina.startup.HostConfig.deployDirectory Deployment of web application directory [/data/data/com.termux/files/home/Projects/TomcatProj/tomcat/webapps/student-management] has finished in [96] ms
28-Oct-2024 11:26:30.518 INFO [main] org.apache.coyote.AbstractProtocol.start Starting ProtocolHandler ["http-nio-8080"]
28-Oct-2024 11:26:30.533 INFO [main] org.apache.catalina.startup.Catalina.start Server startup in [1380] milliseconds
28-Oct-2024 11:26:31.379 INFO [main] org.apache.catalina.core.StandardServer.await A valid shutdown command was received via the shutdown port. Stopping the Server instance.
28-Oct-2024 11:26:31.380 INFO [main] org.apache.coyote.AbstractProtocol.pause Pausing ProtocolHandler ["http-nio-8080"]
28-Oct-2024 11:26:31.387 INFO [main] org.apache.catalina.core.StandardService.stopInternal Stopping service [Catalina]
28-Oct-2024 11:26:31.421 INFO [main] org.apache.coyote.AbstractProtocol.stop Stopping ProtocolHandler ["http-nio-8080"]
28-Oct-2024 11:26:31.430 INFO [main] org.apache.coyote.AbstractProtocol.destroy Destroying ProtocolHandler ["http-nio-8080"]
