01-Nov-2024 00:02:11.248 INFO [main] org.apache.catalina.core.ApplicationContext.log ContextListener: contextInitialized()
01-Nov-2024 00:02:11.248 INFO [main] org.apache.catalina.core.ApplicationContext.log SessionListener: contextInitialized()
01-Nov-2024 00:02:11.251 INFO [main] org.apache.catalina.core.ApplicationContext.log ContextListener: attributeAdded('StockTicker', 'async.Stockticker@1bd0b0e5')
01-Nov-2024 00:46:19.549 INFO [main] org.apache.catalina.core.ApplicationContext.log SessionListener: contextDestroyed()
01-Nov-2024 00:46:19.549 INFO [main] org.apache.catalina.core.ApplicationContext.log ContextListener: contextDestroyed()
01-Nov-2024 01:50:04.534 INFO [main] org.apache.catalina.core.ApplicationContext.log ContextListener: contextInitialized()
01-Nov-2024 01:50:04.534 INFO [main] org.apache.catalina.core.ApplicationContext.log SessionListener: contextInitialized()
01-Nov-2024 01:50:04.536 INFO [main] org.apache.catalina.core.ApplicationContext.log ContextListener: attributeAdded('StockTicker', 'async.Stockticker@6c03fb16')
01-Nov-2024 01:50:10.649 SEVERE [http-nio-8080-exec-1] org.apache.catalina.core.StandardWrapperValve.invoke Servlet.service() for servlet [jsp] in context with path [/student-management] threw exception [An exception occurred processing [index.jsp] at line [76]

73:             <tbody>
74:                 <% 
75:                     Class.forName("org.mariadb.jdbc.Driver");
76:                     Connection conn = DriverManager.getConnection("jdbc:mariadb://localhost:3306/student_db?characterEncoding=UTF-8", "root", "123456");
77: 
78:                     Statement stmt = conn.createStatement();
79:                     ResultSet rs = stmt.executeQuery("SELECT * FROM students");


Stacktrace:] with root cause
	java.net.ConnectException: Connection refused
		at java.base/sun.nio.ch.Net.pollConnect(Native Method)
		at java.base/sun.nio.ch.Net.pollConnectNow(Net.java:672)
		at java.base/sun.nio.ch.NioSocketImpl.timedFinishConnect(NioSocketImpl.java:542)
		at java.base/sun.nio.ch.NioSocketImpl.connect(NioSocketImpl.java:597)
		at java.base/java.net.SocksSocketImpl.connect(SocksSocketImpl.java:335)
		at java.base/java.net.Socket.connect(Socket.java:633)
		at org.mariadb.jdbc.client.impl.ConnectionHelper.connectSocket(ConnectionHelper.java:116)
		at org.mariadb.jdbc.client.impl.StandardClient.<init>(StandardClient.java:129)
		at org.mariadb.jdbc.Driver.connect(Driver.java:68)
		at org.mariadb.jdbc.Driver.connect(Driver.java:92)
		at org.mariadb.jdbc.Driver.connect(Driver.java:26)
		at java.sql/java.sql.DriverManager.getConnection(DriverManager.java:681)
		at java.sql/java.sql.DriverManager.getConnection(DriverManager.java:229)
		at org.apache.jsp.index_jsp._jspService(index_jsp.java:194)
		at org.apache.jasper.runtime.HttpJspBase.service(HttpJspBase.java:70)
		at javax.servlet.http.HttpServlet.service(HttpServlet.java:623)
		at org.apache.jasper.servlet.JspServletWrapper.service(JspServletWrapper.java:466)
		at org.apache.jasper.servlet.JspServlet.serviceJspFile(JspServlet.java:379)
		at org.apache.jasper.servlet.JspServlet.service(JspServlet.java:327)
		at javax.servlet.http.HttpServlet.service(HttpServlet.java:623)
		at org.apache.catalina.core.ApplicationFilterChain.internalDoFilter(ApplicationFilterChain.java:209)
		at org.apache.catalina.core.ApplicationFilterChain.doFilter(ApplicationFilterChain.java:153)
		at org.apache.tomcat.websocket.server.WsFilter.doFilter(WsFilter.java:51)
		at org.apache.catalina.core.ApplicationFilterChain.internalDoFilter(ApplicationFilterChain.java:178)
		at org.apache.catalina.core.ApplicationFilterChain.doFilter(ApplicationFilterChain.java:153)
		at org.apache.catalina.core.StandardWrapperValve.invoke(StandardWrapperValve.java:167)
		at org.apache.catalina.core.StandardContextValve.invoke(StandardContextValve.java:90)
		at org.apache.catalina.authenticator.AuthenticatorBase.invoke(AuthenticatorBase.java:481)
		at org.apache.catalina.core.StandardHostValve.invoke(StandardHostValve.java:130)
		at org.apache.catalina.valves.ErrorReportValve.invoke(ErrorReportValve.java:93)
		at org.apache.catalina.valves.AbstractAccessLogValve.invoke(AbstractAccessLogValve.java:673)
		at org.apache.catalina.core.StandardEngineValve.invoke(StandardEngineValve.java:74)
		at org.apache.catalina.connector.CoyoteAdapter.service(CoyoteAdapter.java:343)
		at org.apache.coyote.http11.Http11Processor.service(Http11Processor.java:390)
		at org.apache.coyote.AbstractProcessorLight.process(AbstractProcessorLight.java:63)
		at org.apache.coyote.AbstractProtocol$ConnectionHandler.process(AbstractProtocol.java:926)
		at org.apache.tomcat.util.net.NioEndpoint$SocketProcessor.doRun(NioEndpoint.java:1791)
		at org.apache.tomcat.util.net.SocketProcessorBase.run(SocketProcessorBase.java:52)
		at org.apache.tomcat.util.threads.ThreadPoolExecutor.runWorker(ThreadPoolExecutor.java:1191)
		at org.apache.tomcat.util.threads.ThreadPoolExecutor$Worker.run(ThreadPoolExecutor.java:659)
		at org.apache.tomcat.util.threads.TaskThread$WrappingRunnable.run(TaskThread.java:61)
		at java.base/java.lang.Thread.run(Thread.java:833)
01-Nov-2024 01:50:18.542 INFO [main] org.apache.catalina.core.ApplicationContext.log SessionListener: contextDestroyed()
01-Nov-2024 01:50:18.542 INFO [main] org.apache.catalina.core.ApplicationContext.log ContextListener: contextDestroyed()
01-Nov-2024 01:51:44.924 INFO [main] org.apache.catalina.core.ApplicationContext.log ContextListener: contextInitialized()
01-Nov-2024 01:51:44.924 INFO [main] org.apache.catalina.core.ApplicationContext.log SessionListener: contextInitialized()
01-Nov-2024 01:51:44.925 INFO [main] org.apache.catalina.core.ApplicationContext.log ContextListener: attributeAdded('StockTicker', 'async.Stockticker@4a8df3e2')
01-Nov-2024 02:16:24.661 INFO [main] org.apache.catalina.core.ApplicationContext.log SessionListener: contextDestroyed()
01-Nov-2024 02:16:24.661 INFO [main] org.apache.catalina.core.ApplicationContext.log ContextListener: contextDestroyed()
01-Nov-2024 02:17:07.816 INFO [main] org.apache.catalina.core.ApplicationContext.log ContextListener: contextInitialized()
01-Nov-2024 02:17:07.817 INFO [main] org.apache.catalina.core.ApplicationContext.log SessionListener: contextInitialized()
01-Nov-2024 02:17:07.818 INFO [main] org.apache.catalina.core.ApplicationContext.log ContextListener: attributeAdded('StockTicker', 'async.Stockticker@8d7b252')
01-Nov-2024 02:24:10.669 SEVERE [http-nio-8080-exec-8] org.apache.catalina.core.StandardWrapperValve.invoke Servlet.service() for servlet [jsp] in context with path [/student-management] threw exception [Unable to compile class for JSP: 

An error occurred at line: [53] in the jsp file: [/add.jsp]
studentId cannot be resolved to a variable
50:     <div class="container">
51:         <h2>编辑学生信息</h2>
52:         <form action="update_student.jsp" method="post" accept-charset="UTF-8">
53:             <input type="hidden" name="student_number" value="<%= studentId %>">
54:             <label>姓名：</label>
55:             <input type="text" name="name" value="<%= name %>" required>
56:             <label>专业：</label>


An error occurred at line: [55] in the jsp file: [/add.jsp]
name cannot be resolved to a variable
52:         <form action="update_student.jsp" method="post" accept-charset="UTF-8">
53:             <input type="hidden" name="student_number" value="<%= studentId %>">
54:             <label>姓名：</label>
55:             <input type="text" name="name" value="<%= name %>" required>
56:             <label>专业：</label>
57:             <select name="major" required>
58:                 <option value="Software Engineering" <%= "Software Engineering".equals(major) ? "selected" : "" %>>Software Engineering</option>


An error occurred at line: [58] in the jsp file: [/add.jsp]
major cannot be resolved to a variable
55:             <input type="text" name="name" value="<%= name %>" required>
56:             <label>专业：</label>
57:             <select name="major" required>
58:                 <option value="Software Engineering" <%= "Software Engineering".equals(major) ? "selected" : "" %>>Software Engineering</option>
59:                 <option value="Computer Science and Technology" <%= "Computer Science and Technology".equals(major) ? "selected" : "" %>>Computer Science and Technology</option>
60:                 <option value="Artificial Intelligence" <%= "Artificial Intelligence".equals(major) ? "selected" : "" %>>Artificial Intelligence</option>
61:             </select>


An error occurred at line: [59] in the jsp file: [/add.jsp]
major cannot be resolved to a variable
56:             <label>专业：</label>
57:             <select name="major" required>
58:                 <option value="Software Engineering" <%= "Software Engineering".equals(major) ? "selected" : "" %>>Software Engineering</option>
59:                 <option value="Computer Science and Technology" <%= "Computer Science and Technology".equals(major) ? "selected" : "" %>>Computer Science and Technology</option>
60:                 <option value="Artificial Intelligence" <%= "Artificial Intelligence".equals(major) ? "selected" : "" %>>Artificial Intelligence</option>
61:             </select>
62:             <button type="submit" class="button">更新</button>


An error occurred at line: [60] in the jsp file: [/add.jsp]
major cannot be resolved to a variable
57:             <select name="major" required>
58:                 <option value="Software Engineering" <%= "Software Engineering".equals(major) ? "selected" : "" %>>Software Engineering</option>
59:                 <option value="Computer Science and Technology" <%= "Computer Science and Technology".equals(major) ? "selected" : "" %>>Computer Science and Technology</option>
60:                 <option value="Artificial Intelligence" <%= "Artificial Intelligence".equals(major) ? "selected" : "" %>>Artificial Intelligence</option>
61:             </select>
62:             <button type="submit" class="button">更新</button>
63:             <a href="index.jsp" class="button">返回主页</a>


Stacktrace:] with root cause
	org.apache.jasper.JasperException: Unable to compile class for JSP: 

An error occurred at line: [53] in the jsp file: [/add.jsp]
studentId cannot be resolved to a variable
50:     <div class="container">
51:         <h2>编辑学生信息</h2>
52:         <form action="update_student.jsp" method="post" accept-charset="UTF-8">
53:             <input type="hidden" name="student_number" value="<%= studentId %>">
54:             <label>姓名：</label>
55:             <input type="text" name="name" value="<%= name %>" required>
56:             <label>专业：</label>


An error occurred at line: [55] in the jsp file: [/add.jsp]
name cannot be resolved to a variable
52:         <form action="update_student.jsp" method="post" accept-charset="UTF-8">
53:             <input type="hidden" name="student_number" value="<%= studentId %>">
54:             <label>姓名：</label>
55:             <input type="text" name="name" value="<%= name %>" required>
56:             <label>专业：</label>
57:             <select name="major" required>
58:                 <option value="Software Engineering" <%= "Software Engineering".equals(major) ? "selected" : "" %>>Software Engineering</option>


An error occurred at line: [58] in the jsp file: [/add.jsp]
major cannot be resolved to a variable
55:             <input type="text" name="name" value="<%= name %>" required>
56:             <label>专业：</label>
57:             <select name="major" required>
58:                 <option value="Software Engineering" <%= "Software Engineering".equals(major) ? "selected" : "" %>>Software Engineering</option>
59:                 <option value="Computer Science and Technology" <%= "Computer Science and Technology".equals(major) ? "selected" : "" %>>Computer Science and Technology</option>
60:                 <option value="Artificial Intelligence" <%= "Artificial Intelligence".equals(major) ? "selected" : "" %>>Artificial Intelligence</option>
61:             </select>


An error occurred at line: [59] in the jsp file: [/add.jsp]
major cannot be resolved to a variable
56:             <label>专业：</label>
57:             <select name="major" required>
58:                 <option value="Software Engineering" <%= "Software Engineering".equals(major) ? "selected" : "" %>>Software Engineering</option>
59:                 <option value="Computer Science and Technology" <%= "Computer Science and Technology".equals(major) ? "selected" : "" %>>Computer Science and Technology</option>
60:                 <option value="Artificial Intelligence" <%= "Artificial Intelligence".equals(major) ? "selected" : "" %>>Artificial Intelligence</option>
61:             </select>
62:             <button type="submit" class="button">更新</button>


An error occurred at line: [60] in the jsp file: [/add.jsp]
major cannot be resolved to a variable
57:             <select name="major" required>
58:                 <option value="Software Engineering" <%= "Software Engineering".equals(major) ? "selected" : "" %>>Software Engineering</option>
59:                 <option value="Computer Science and Technology" <%= "Computer Science and Technology".equals(major) ? "selected" : "" %>>Computer Science and Technology</option>
60:                 <option value="Artificial Intelligence" <%= "Artificial Intelligence".equals(major) ? "selected" : "" %>>Artificial Intelligence</option>
61:             </select>
62:             <button type="submit" class="button">更新</button>
63:             <a href="index.jsp" class="button">返回主页</a>


Stacktrace:
		at org.apache.jasper.compiler.DefaultErrorHandler.javacError(DefaultErrorHandler.java:102)
		at org.apache.jasper.compiler.ErrorDispatcher.javacError(ErrorDispatcher.java:213)
		at org.apache.jasper.compiler.JDTCompiler.generateClass(JDTCompiler.java:531)
		at org.apache.jasper.compiler.Compiler.compile(Compiler.java:398)
		at org.apache.jasper.compiler.Compiler.compile(Compiler.java:368)
		at org.apache.jasper.compiler.Compiler.compile(Compiler.java:352)
		at org.apache.jasper.JspCompilationContext.compile(JspCompilationContext.java:603)
		at org.apache.jasper.servlet.JspServletWrapper.service(JspServletWrapper.java:399)
		at org.apache.jasper.servlet.JspServlet.serviceJspFile(JspServlet.java:379)
		at org.apache.jasper.servlet.JspServlet.service(JspServlet.java:327)
		at javax.servlet.http.HttpServlet.service(HttpServlet.java:623)
		at org.apache.catalina.core.ApplicationFilterChain.internalDoFilter(ApplicationFilterChain.java:209)
		at org.apache.catalina.core.ApplicationFilterChain.doFilter(ApplicationFilterChain.java:153)
		at org.apache.tomcat.websocket.server.WsFilter.doFilter(WsFilter.java:51)
		at org.apache.catalina.core.ApplicationFilterChain.internalDoFilter(ApplicationFilterChain.java:178)
		at org.apache.catalina.core.ApplicationFilterChain.doFilter(ApplicationFilterChain.java:153)
		at org.apache.catalina.core.StandardWrapperValve.invoke(StandardWrapperValve.java:167)
		at org.apache.catalina.core.StandardContextValve.invoke(StandardContextValve.java:90)
		at org.apache.catalina.authenticator.AuthenticatorBase.invoke(AuthenticatorBase.java:481)
		at org.apache.catalina.core.StandardHostValve.invoke(StandardHostValve.java:130)
		at org.apache.catalina.valves.ErrorReportValve.invoke(ErrorReportValve.java:93)
		at org.apache.catalina.valves.AbstractAccessLogValve.invoke(AbstractAccessLogValve.java:673)
		at org.apache.catalina.core.StandardEngineValve.invoke(StandardEngineValve.java:74)
		at org.apache.catalina.connector.CoyoteAdapter.service(CoyoteAdapter.java:343)
		at org.apache.coyote.http11.Http11Processor.service(Http11Processor.java:390)
		at org.apache.coyote.AbstractProcessorLight.process(AbstractProcessorLight.java:63)
		at org.apache.coyote.AbstractProtocol$ConnectionHandler.process(AbstractProtocol.java:926)
		at org.apache.tomcat.util.net.NioEndpoint$SocketProcessor.doRun(NioEndpoint.java:1791)
		at org.apache.tomcat.util.net.SocketProcessorBase.run(SocketProcessorBase.java:52)
		at org.apache.tomcat.util.threads.ThreadPoolExecutor.runWorker(ThreadPoolExecutor.java:1191)
		at org.apache.tomcat.util.threads.ThreadPoolExecutor$Worker.run(ThreadPoolExecutor.java:659)
		at org.apache.tomcat.util.threads.TaskThread$WrappingRunnable.run(TaskThread.java:61)
		at java.base/java.lang.Thread.run(Thread.java:833)
01-Nov-2024 02:26:53.239 SEVERE [http-nio-8080-exec-10] org.apache.catalina.core.StandardWrapperValve.invoke Servlet.service() for servlet [jsp] in context with path [/student-management] threw exception [Unable to compile class for JSP: 

An error occurred at line: [53] in the jsp file: [/add.jsp]
studentId cannot be resolved to a variable
50:     <div class="container">
51:         <h2>编辑学生信息</h2>
52:         <form action="update_student.jsp" method="post" accept-charset="UTF-8">
53:             <input type="hidden" name="student_number" value="<%= studentId %>">
54:             <label>姓名：</label>
55:             <input type="text" name="name"  required>
56:             <label>专业：</label>


An error occurred at line: [58] in the jsp file: [/add.jsp]
major cannot be resolved to a variable
55:             <input type="text" name="name"  required>
56:             <label>专业：</label>
57:             <select name="major" required>
58:                 <option value="Software Engineering" <%= "Software Engineering".equals(major) ? "selected" : "" %>>Software Engineering</option>
59:                 <option value="Computer Science and Technology" <%= "Computer Science and Technology".equals(major) ? "selected" : "" %>>Computer Science and Technology</option>
60:                 <option value="Artificial Intelligence" <%= "Artificial Intelligence".equals(major) ? "selected" : "" %>>Artificial Intelligence</option>
61:             </select>


An error occurred at line: [59] in the jsp file: [/add.jsp]
major cannot be resolved to a variable
56:             <label>专业：</label>
57:             <select name="major" required>
58:                 <option value="Software Engineering" <%= "Software Engineering".equals(major) ? "selected" : "" %>>Software Engineering</option>
59:                 <option value="Computer Science and Technology" <%= "Computer Science and Technology".equals(major) ? "selected" : "" %>>Computer Science and Technology</option>
60:                 <option value="Artificial Intelligence" <%= "Artificial Intelligence".equals(major) ? "selected" : "" %>>Artificial Intelligence</option>
61:             </select>
62:             <button type="submit" class="button">更新</button>


An error occurred at line: [60] in the jsp file: [/add.jsp]
major cannot be resolved to a variable
57:             <select name="major" required>
58:                 <option value="Software Engineering" <%= "Software Engineering".equals(major) ? "selected" : "" %>>Software Engineering</option>
59:                 <option value="Computer Science and Technology" <%= "Computer Science and Technology".equals(major) ? "selected" : "" %>>Computer Science and Technology</option>
60:                 <option value="Artificial Intelligence" <%= "Artificial Intelligence".equals(major) ? "selected" : "" %>>Artificial Intelligence</option>
61:             </select>
62:             <button type="submit" class="button">更新</button>
63:             <a href="index.jsp" class="button">返回主页</a>


Stacktrace:] with root cause
	org.apache.jasper.JasperException: Unable to compile class for JSP: 

An error occurred at line: [53] in the jsp file: [/add.jsp]
studentId cannot be resolved to a variable
50:     <div class="container">
51:         <h2>编辑学生信息</h2>
52:         <form action="update_student.jsp" method="post" accept-charset="UTF-8">
53:             <input type="hidden" name="student_number" value="<%= studentId %>">
54:             <label>姓名：</label>
55:             <input type="text" name="name"  required>
56:             <label>专业：</label>


An error occurred at line: [58] in the jsp file: [/add.jsp]
major cannot be resolved to a variable
55:             <input type="text" name="name"  required>
56:             <label>专业：</label>
57:             <select name="major" required>
58:                 <option value="Software Engineering" <%= "Software Engineering".equals(major) ? "selected" : "" %>>Software Engineering</option>
59:                 <option value="Computer Science and Technology" <%= "Computer Science and Technology".equals(major) ? "selected" : "" %>>Computer Science and Technology</option>
60:                 <option value="Artificial Intelligence" <%= "Artificial Intelligence".equals(major) ? "selected" : "" %>>Artificial Intelligence</option>
61:             </select>


An error occurred at line: [59] in the jsp file: [/add.jsp]
major cannot be resolved to a variable
56:             <label>专业：</label>
57:             <select name="major" required>
58:                 <option value="Software Engineering" <%= "Software Engineering".equals(major) ? "selected" : "" %>>Software Engineering</option>
59:                 <option value="Computer Science and Technology" <%= "Computer Science and Technology".equals(major) ? "selected" : "" %>>Computer Science and Technology</option>
60:                 <option value="Artificial Intelligence" <%= "Artificial Intelligence".equals(major) ? "selected" : "" %>>Artificial Intelligence</option>
61:             </select>
62:             <button type="submit" class="button">更新</button>


An error occurred at line: [60] in the jsp file: [/add.jsp]
major cannot be resolved to a variable
57:             <select name="major" required>
58:                 <option value="Software Engineering" <%= "Software Engineering".equals(major) ? "selected" : "" %>>Software Engineering</option>
59:                 <option value="Computer Science and Technology" <%= "Computer Science and Technology".equals(major) ? "selected" : "" %>>Computer Science and Technology</option>
60:                 <option value="Artificial Intelligence" <%= "Artificial Intelligence".equals(major) ? "selected" : "" %>>Artificial Intelligence</option>
61:             </select>
62:             <button type="submit" class="button">更新</button>
63:             <a href="index.jsp" class="button">返回主页</a>


Stacktrace:
		at org.apache.jasper.compiler.DefaultErrorHandler.javacError(DefaultErrorHandler.java:102)
		at org.apache.jasper.compiler.ErrorDispatcher.javacError(ErrorDispatcher.java:213)
		at org.apache.jasper.compiler.JDTCompiler.generateClass(JDTCompiler.java:531)
		at org.apache.jasper.compiler.Compiler.compile(Compiler.java:398)
		at org.apache.jasper.compiler.Compiler.compile(Compiler.java:368)
		at org.apache.jasper.compiler.Compiler.compile(Compiler.java:352)
		at org.apache.jasper.JspCompilationContext.compile(JspCompilationContext.java:603)
		at org.apache.jasper.servlet.JspServletWrapper.service(JspServletWrapper.java:399)
		at org.apache.jasper.servlet.JspServlet.serviceJspFile(JspServlet.java:379)
		at org.apache.jasper.servlet.JspServlet.service(JspServlet.java:327)
		at javax.servlet.http.HttpServlet.service(HttpServlet.java:623)
		at org.apache.catalina.core.ApplicationFilterChain.internalDoFilter(ApplicationFilterChain.java:209)
		at org.apache.catalina.core.ApplicationFilterChain.doFilter(ApplicationFilterChain.java:153)
		at org.apache.tomcat.websocket.server.WsFilter.doFilter(WsFilter.java:51)
		at org.apache.catalina.core.ApplicationFilterChain.internalDoFilter(ApplicationFilterChain.java:178)
		at org.apache.catalina.core.ApplicationFilterChain.doFilter(ApplicationFilterChain.java:153)
		at org.apache.catalina.core.StandardWrapperValve.invoke(StandardWrapperValve.java:167)
		at org.apache.catalina.core.StandardContextValve.invoke(StandardContextValve.java:90)
		at org.apache.catalina.authenticator.AuthenticatorBase.invoke(AuthenticatorBase.java:481)
		at org.apache.catalina.core.StandardHostValve.invoke(StandardHostValve.java:130)
		at org.apache.catalina.valves.ErrorReportValve.invoke(ErrorReportValve.java:93)
		at org.apache.catalina.valves.AbstractAccessLogValve.invoke(AbstractAccessLogValve.java:673)
		at org.apache.catalina.core.StandardEngineValve.invoke(StandardEngineValve.java:74)
		at org.apache.catalina.connector.CoyoteAdapter.service(CoyoteAdapter.java:343)
		at org.apache.coyote.http11.Http11Processor.service(Http11Processor.java:390)
		at org.apache.coyote.AbstractProcessorLight.process(AbstractProcessorLight.java:63)
		at org.apache.coyote.AbstractProtocol$ConnectionHandler.process(AbstractProtocol.java:926)
		at org.apache.tomcat.util.net.NioEndpoint$SocketProcessor.doRun(NioEndpoint.java:1791)
		at org.apache.tomcat.util.net.SocketProcessorBase.run(SocketProcessorBase.java:52)
		at org.apache.tomcat.util.threads.ThreadPoolExecutor.runWorker(ThreadPoolExecutor.java:1191)
		at org.apache.tomcat.util.threads.ThreadPoolExecutor$Worker.run(ThreadPoolExecutor.java:659)
		at org.apache.tomcat.util.threads.TaskThread$WrappingRunnable.run(TaskThread.java:61)
		at java.base/java.lang.Thread.run(Thread.java:833)
01-Nov-2024 02:27:19.041 SEVERE [http-nio-8080-exec-2] org.apache.catalina.core.StandardWrapperValve.invoke Servlet.service() for servlet [jsp] in context with path [/student-management] threw exception [Unable to compile class for JSP: 

An error occurred at line: [58] in the jsp file: [/add.jsp]
major cannot be resolved to a variable
55:             <input type="text" name="name"  required>
56:             <label>专业：</label>
57:             <select name="major" required>
58:                 <option value="Software Engineering" <%= "Software Engineering".equals(major) ? "selected" : "" %>>Software Engineering</option>
59:                 <option value="Computer Science and Technology" <%= "Computer Science and Technology".equals(major) ? "selected" : "" %>>Computer Science and Technology</option>
60:                 <option value="Artificial Intelligence" <%= "Artificial Intelligence".equals(major) ? "selected" : "" %>>Artificial Intelligence</option>
61:             </select>


An error occurred at line: [59] in the jsp file: [/add.jsp]
major cannot be resolved to a variable
56:             <label>专业：</label>
57:             <select name="major" required>
58:                 <option value="Software Engineering" <%= "Software Engineering".equals(major) ? "selected" : "" %>>Software Engineering</option>
59:                 <option value="Computer Science and Technology" <%= "Computer Science and Technology".equals(major) ? "selected" : "" %>>Computer Science and Technology</option>
60:                 <option value="Artificial Intelligence" <%= "Artificial Intelligence".equals(major) ? "selected" : "" %>>Artificial Intelligence</option>
61:             </select>
62:             <button type="submit" class="button">更新</button>


An error occurred at line: [60] in the jsp file: [/add.jsp]
major cannot be resolved to a variable
57:             <select name="major" required>
58:                 <option value="Software Engineering" <%= "Software Engineering".equals(major) ? "selected" : "" %>>Software Engineering</option>
59:                 <option value="Computer Science and Technology" <%= "Computer Science and Technology".equals(major) ? "selected" : "" %>>Computer Science and Technology</option>
60:                 <option value="Artificial Intelligence" <%= "Artificial Intelligence".equals(major) ? "selected" : "" %>>Artificial Intelligence</option>
61:             </select>
62:             <button type="submit" class="button">更新</button>
63:             <a href="index.jsp" class="button">返回主页</a>


Stacktrace:] with root cause
	org.apache.jasper.JasperException: Unable to compile class for JSP: 

An error occurred at line: [58] in the jsp file: [/add.jsp]
major cannot be resolved to a variable
55:             <input type="text" name="name"  required>
56:             <label>专业：</label>
57:             <select name="major" required>
58:                 <option value="Software Engineering" <%= "Software Engineering".equals(major) ? "selected" : "" %>>Software Engineering</option>
59:                 <option value="Computer Science and Technology" <%= "Computer Science and Technology".equals(major) ? "selected" : "" %>>Computer Science and Technology</option>
60:                 <option value="Artificial Intelligence" <%= "Artificial Intelligence".equals(major) ? "selected" : "" %>>Artificial Intelligence</option>
61:             </select>


An error occurred at line: [59] in the jsp file: [/add.jsp]
major cannot be resolved to a variable
56:             <label>专业：</label>
57:             <select name="major" required>
58:                 <option value="Software Engineering" <%= "Software Engineering".equals(major) ? "selected" : "" %>>Software Engineering</option>
59:                 <option value="Computer Science and Technology" <%= "Computer Science and Technology".equals(major) ? "selected" : "" %>>Computer Science and Technology</option>
60:                 <option value="Artificial Intelligence" <%= "Artificial Intelligence".equals(major) ? "selected" : "" %>>Artificial Intelligence</option>
61:             </select>
62:             <button type="submit" class="button">更新</button>


An error occurred at line: [60] in the jsp file: [/add.jsp]
major cannot be resolved to a variable
57:             <select name="major" required>
58:                 <option value="Software Engineering" <%= "Software Engineering".equals(major) ? "selected" : "" %>>Software Engineering</option>
59:                 <option value="Computer Science and Technology" <%= "Computer Science and Technology".equals(major) ? "selected" : "" %>>Computer Science and Technology</option>
60:                 <option value="Artificial Intelligence" <%= "Artificial Intelligence".equals(major) ? "selected" : "" %>>Artificial Intelligence</option>
61:             </select>
62:             <button type="submit" class="button">更新</button>
63:             <a href="index.jsp" class="button">返回主页</a>


Stacktrace:
		at org.apache.jasper.compiler.DefaultErrorHandler.javacError(DefaultErrorHandler.java:102)
		at org.apache.jasper.compiler.ErrorDispatcher.javacError(ErrorDispatcher.java:213)
		at org.apache.jasper.compiler.JDTCompiler.generateClass(JDTCompiler.java:531)
		at org.apache.jasper.compiler.Compiler.compile(Compiler.java:398)
		at org.apache.jasper.compiler.Compiler.compile(Compiler.java:368)
		at org.apache.jasper.compiler.Compiler.compile(Compiler.java:352)
		at org.apache.jasper.JspCompilationContext.compile(JspCompilationContext.java:603)
		at org.apache.jasper.servlet.JspServletWrapper.service(JspServletWrapper.java:399)
		at org.apache.jasper.servlet.JspServlet.serviceJspFile(JspServlet.java:379)
		at org.apache.jasper.servlet.JspServlet.service(JspServlet.java:327)
		at javax.servlet.http.HttpServlet.service(HttpServlet.java:623)
		at org.apache.catalina.core.ApplicationFilterChain.internalDoFilter(ApplicationFilterChain.java:209)
		at org.apache.catalina.core.ApplicationFilterChain.doFilter(ApplicationFilterChain.java:153)
		at org.apache.tomcat.websocket.server.WsFilter.doFilter(WsFilter.java:51)
		at org.apache.catalina.core.ApplicationFilterChain.internalDoFilter(ApplicationFilterChain.java:178)
		at org.apache.catalina.core.ApplicationFilterChain.doFilter(ApplicationFilterChain.java:153)
		at org.apache.catalina.core.StandardWrapperValve.invoke(StandardWrapperValve.java:167)
		at org.apache.catalina.core.StandardContextValve.invoke(StandardContextValve.java:90)
		at org.apache.catalina.authenticator.AuthenticatorBase.invoke(AuthenticatorBase.java:481)
		at org.apache.catalina.core.StandardHostValve.invoke(StandardHostValve.java:130)
		at org.apache.catalina.valves.ErrorReportValve.invoke(ErrorReportValve.java:93)
		at org.apache.catalina.valves.AbstractAccessLogValve.invoke(AbstractAccessLogValve.java:673)
		at org.apache.catalina.core.StandardEngineValve.invoke(StandardEngineValve.java:74)
		at org.apache.catalina.connector.CoyoteAdapter.service(CoyoteAdapter.java:343)
		at org.apache.coyote.http11.Http11Processor.service(Http11Processor.java:390)
		at org.apache.coyote.AbstractProcessorLight.process(AbstractProcessorLight.java:63)
		at org.apache.coyote.AbstractProtocol$ConnectionHandler.process(AbstractProtocol.java:926)
		at org.apache.tomcat.util.net.NioEndpoint$SocketProcessor.doRun(NioEndpoint.java:1791)
		at org.apache.tomcat.util.net.SocketProcessorBase.run(SocketProcessorBase.java:52)
		at org.apache.tomcat.util.threads.ThreadPoolExecutor.runWorker(ThreadPoolExecutor.java:1191)
		at org.apache.tomcat.util.threads.ThreadPoolExecutor$Worker.run(ThreadPoolExecutor.java:659)
		at org.apache.tomcat.util.threads.TaskThread$WrappingRunnable.run(TaskThread.java:61)
		at java.base/java.lang.Thread.run(Thread.java:833)
01-Nov-2024 02:29:22.998 SEVERE [http-nio-8080-exec-4] org.apache.catalina.core.StandardWrapperValve.invoke Servlet.service() for servlet [jsp] in context with path [/student-management] threw exception [Unable to compile class for JSP: 

An error occurred at line: [58] in the jsp file: [/add.jsp]
major cannot be resolved to a variable
55:             <input type="text" name="name"  required>
56:             <label>专业：</label>
57:             <select name="major" required>
58:                 <option  <%= "Software Engineering".equals(major) ? "selected" : "" %>>Software Engineering</option>
59:                 <option  <%= "Computer Science and Technology".equals(major) ? "selected" : "" %>>Computer Science and Technology</option>
60:                 <option  <%= "Artificial Intelligence".equals(major) ? "selected" : "" %>>Artificial Intelligence</option>
61:             </select>


An error occurred at line: [59] in the jsp file: [/add.jsp]
major cannot be resolved to a variable
56:             <label>专业：</label>
57:             <select name="major" required>
58:                 <option  <%= "Software Engineering".equals(major) ? "selected" : "" %>>Software Engineering</option>
59:                 <option  <%= "Computer Science and Technology".equals(major) ? "selected" : "" %>>Computer Science and Technology</option>
60:                 <option  <%= "Artificial Intelligence".equals(major) ? "selected" : "" %>>Artificial Intelligence</option>
61:             </select>
62:             <button type="submit" class="button">更新</button>


An error occurred at line: [60] in the jsp file: [/add.jsp]
major cannot be resolved to a variable
57:             <select name="major" required>
58:                 <option  <%= "Software Engineering".equals(major) ? "selected" : "" %>>Software Engineering</option>
59:                 <option  <%= "Computer Science and Technology".equals(major) ? "selected" : "" %>>Computer Science and Technology</option>
60:                 <option  <%= "Artificial Intelligence".equals(major) ? "selected" : "" %>>Artificial Intelligence</option>
61:             </select>
62:             <button type="submit" class="button">更新</button>
63:             <a href="index.jsp" class="button">返回主页</a>


Stacktrace:] with root cause
	org.apache.jasper.JasperException: Unable to compile class for JSP: 

An error occurred at line: [58] in the jsp file: [/add.jsp]
major cannot be resolved to a variable
55:             <input type="text" name="name"  required>
56:             <label>专业：</label>
57:             <select name="major" required>
58:                 <option  <%= "Software Engineering".equals(major) ? "selected" : "" %>>Software Engineering</option>
59:                 <option  <%= "Computer Science and Technology".equals(major) ? "selected" : "" %>>Computer Science and Technology</option>
60:                 <option  <%= "Artificial Intelligence".equals(major) ? "selected" : "" %>>Artificial Intelligence</option>
61:             </select>


An error occurred at line: [59] in the jsp file: [/add.jsp]
major cannot be resolved to a variable
56:             <label>专业：</label>
57:             <select name="major" required>
58:                 <option  <%= "Software Engineering".equals(major) ? "selected" : "" %>>Software Engineering</option>
59:                 <option  <%= "Computer Science and Technology".equals(major) ? "selected" : "" %>>Computer Science and Technology</option>
60:                 <option  <%= "Artificial Intelligence".equals(major) ? "selected" : "" %>>Artificial Intelligence</option>
61:             </select>
62:             <button type="submit" class="button">更新</button>


An error occurred at line: [60] in the jsp file: [/add.jsp]
major cannot be resolved to a variable
57:             <select name="major" required>
58:                 <option  <%= "Software Engineering".equals(major) ? "selected" : "" %>>Software Engineering</option>
59:                 <option  <%= "Computer Science and Technology".equals(major) ? "selected" : "" %>>Computer Science and Technology</option>
60:                 <option  <%= "Artificial Intelligence".equals(major) ? "selected" : "" %>>Artificial Intelligence</option>
61:             </select>
62:             <button type="submit" class="button">更新</button>
63:             <a href="index.jsp" class="button">返回主页</a>


Stacktrace:
		at org.apache.jasper.compiler.DefaultErrorHandler.javacError(DefaultErrorHandler.java:102)
		at org.apache.jasper.compiler.ErrorDispatcher.javacError(ErrorDispatcher.java:213)
		at org.apache.jasper.compiler.JDTCompiler.generateClass(JDTCompiler.java:531)
		at org.apache.jasper.compiler.Compiler.compile(Compiler.java:398)
		at org.apache.jasper.compiler.Compiler.compile(Compiler.java:368)
		at org.apache.jasper.compiler.Compiler.compile(Compiler.java:352)
		at org.apache.jasper.JspCompilationContext.compile(JspCompilationContext.java:603)
		at org.apache.jasper.servlet.JspServletWrapper.service(JspServletWrapper.java:399)
		at org.apache.jasper.servlet.JspServlet.serviceJspFile(JspServlet.java:379)
		at org.apache.jasper.servlet.JspServlet.service(JspServlet.java:327)
		at javax.servlet.http.HttpServlet.service(HttpServlet.java:623)
		at org.apache.catalina.core.ApplicationFilterChain.internalDoFilter(ApplicationFilterChain.java:209)
		at org.apache.catalina.core.ApplicationFilterChain.doFilter(ApplicationFilterChain.java:153)
		at org.apache.tomcat.websocket.server.WsFilter.doFilter(WsFilter.java:51)
		at org.apache.catalina.core.ApplicationFilterChain.internalDoFilter(ApplicationFilterChain.java:178)
		at org.apache.catalina.core.ApplicationFilterChain.doFilter(ApplicationFilterChain.java:153)
		at org.apache.catalina.core.StandardWrapperValve.invoke(StandardWrapperValve.java:167)
		at org.apache.catalina.core.StandardContextValve.invoke(StandardContextValve.java:90)
		at org.apache.catalina.authenticator.AuthenticatorBase.invoke(AuthenticatorBase.java:481)
		at org.apache.catalina.core.StandardHostValve.invoke(StandardHostValve.java:130)
		at org.apache.catalina.valves.ErrorReportValve.invoke(ErrorReportValve.java:93)
		at org.apache.catalina.valves.AbstractAccessLogValve.invoke(AbstractAccessLogValve.java:673)
		at org.apache.catalina.core.StandardEngineValve.invoke(StandardEngineValve.java:74)
		at org.apache.catalina.connector.CoyoteAdapter.service(CoyoteAdapter.java:343)
		at org.apache.coyote.http11.Http11Processor.service(Http11Processor.java:390)
		at org.apache.coyote.AbstractProcessorLight.process(AbstractProcessorLight.java:63)
		at org.apache.coyote.AbstractProtocol$ConnectionHandler.process(AbstractProtocol.java:926)
		at org.apache.tomcat.util.net.NioEndpoint$SocketProcessor.doRun(NioEndpoint.java:1791)
		at org.apache.tomcat.util.net.SocketProcessorBase.run(SocketProcessorBase.java:52)
		at org.apache.tomcat.util.threads.ThreadPoolExecutor.runWorker(ThreadPoolExecutor.java:1191)
		at org.apache.tomcat.util.threads.ThreadPoolExecutor$Worker.run(ThreadPoolExecutor.java:659)
		at org.apache.tomcat.util.threads.TaskThread$WrappingRunnable.run(TaskThread.java:61)
		at java.base/java.lang.Thread.run(Thread.java:833)
01-Nov-2024 02:49:07.333 SEVERE [http-nio-8080-exec-10] org.apache.catalina.core.StandardWrapperValve.invoke Servlet.service() for servlet [jsp] in context with path [/student-management] threw exception [Unable to compile class for JSP: 

An error occurred at line: [14] in the jsp file: [/update_student.jsp]
stmt cannot be resolved
11:         
12: 	String sql = "UPDATE students SET name=?, major=? WHERE student_number=?";
13:         // PreparedStatement stmt = conn.prepareStatement(sql);
14:         stmt.setString(1, name);
15:         stmt.setString(2, major);
16:         stmt.setString(3, studentId);
17: 


An error occurred at line: [15] in the jsp file: [/update_student.jsp]
stmt cannot be resolved
12: 	String sql = "UPDATE students SET name=?, major=? WHERE student_number=?";
13:         // PreparedStatement stmt = conn.prepareStatement(sql);
14:         stmt.setString(1, name);
15:         stmt.setString(2, major);
16:         stmt.setString(3, studentId);
17: 
18:         int rowsAffected = stmt.executeUpdate(); // 执行更新操作


An error occurred at line: [16] in the jsp file: [/update_student.jsp]
stmt cannot be resolved
13:         // PreparedStatement stmt = conn.prepareStatement(sql);
14:         stmt.setString(1, name);
15:         stmt.setString(2, major);
16:         stmt.setString(3, studentId);
17: 
18:         int rowsAffected = stmt.executeUpdate(); // 执行更新操作
19: 


An error occurred at line: [18] in the jsp file: [/update_student.jsp]
stmt cannot be resolved
15:         stmt.setString(2, major);
16:         stmt.setString(3, studentId);
17: 
18:         int rowsAffected = stmt.executeUpdate(); // 执行更新操作
19: 
20:         stmt.close();
21:         conn.close();


An error occurred at line: [20] in the jsp file: [/update_student.jsp]
stmt cannot be resolved
17: 
18:         int rowsAffected = stmt.executeUpdate(); // 执行更新操作
19: 
20:         stmt.close();
21:         conn.close();
22: 
23:         if (rowsAffected > 0) {


Stacktrace:] with root cause
	org.apache.jasper.JasperException: Unable to compile class for JSP: 

An error occurred at line: [14] in the jsp file: [/update_student.jsp]
stmt cannot be resolved
11:         
12: 	String sql = "UPDATE students SET name=?, major=? WHERE student_number=?";
13:         // PreparedStatement stmt = conn.prepareStatement(sql);
14:         stmt.setString(1, name);
15:         stmt.setString(2, major);
16:         stmt.setString(3, studentId);
17: 


An error occurred at line: [15] in the jsp file: [/update_student.jsp]
stmt cannot be resolved
12: 	String sql = "UPDATE students SET name=?, major=? WHERE student_number=?";
13:         // PreparedStatement stmt = conn.prepareStatement(sql);
14:         stmt.setString(1, name);
15:         stmt.setString(2, major);
16:         stmt.setString(3, studentId);
17: 
18:         int rowsAffected = stmt.executeUpdate(); // 执行更新操作


An error occurred at line: [16] in the jsp file: [/update_student.jsp]
stmt cannot be resolved
13:         // PreparedStatement stmt = conn.prepareStatement(sql);
14:         stmt.setString(1, name);
15:         stmt.setString(2, major);
16:         stmt.setString(3, studentId);
17: 
18:         int rowsAffected = stmt.executeUpdate(); // 执行更新操作
19: 


An error occurred at line: [18] in the jsp file: [/update_student.jsp]
stmt cannot be resolved
15:         stmt.setString(2, major);
16:         stmt.setString(3, studentId);
17: 
18:         int rowsAffected = stmt.executeUpdate(); // 执行更新操作
19: 
20:         stmt.close();
21:         conn.close();


An error occurred at line: [20] in the jsp file: [/update_student.jsp]
stmt cannot be resolved
17: 
18:         int rowsAffected = stmt.executeUpdate(); // 执行更新操作
19: 
20:         stmt.close();
21:         conn.close();
22: 
23:         if (rowsAffected > 0) {


Stacktrace:
		at org.apache.jasper.compiler.DefaultErrorHandler.javacError(DefaultErrorHandler.java:102)
		at org.apache.jasper.compiler.ErrorDispatcher.javacError(ErrorDispatcher.java:213)
		at org.apache.jasper.compiler.JDTCompiler.generateClass(JDTCompiler.java:531)
		at org.apache.jasper.compiler.Compiler.compile(Compiler.java:398)
		at org.apache.jasper.compiler.Compiler.compile(Compiler.java:368)
		at org.apache.jasper.compiler.Compiler.compile(Compiler.java:352)
		at org.apache.jasper.JspCompilationContext.compile(JspCompilationContext.java:603)
		at org.apache.jasper.servlet.JspServletWrapper.service(JspServletWrapper.java:399)
		at org.apache.jasper.servlet.JspServlet.serviceJspFile(JspServlet.java:379)
		at org.apache.jasper.servlet.JspServlet.service(JspServlet.java:327)
		at javax.servlet.http.HttpServlet.service(HttpServlet.java:623)
		at org.apache.catalina.core.ApplicationFilterChain.internalDoFilter(ApplicationFilterChain.java:209)
		at org.apache.catalina.core.ApplicationFilterChain.doFilter(ApplicationFilterChain.java:153)
		at org.apache.tomcat.websocket.server.WsFilter.doFilter(WsFilter.java:51)
		at org.apache.catalina.core.ApplicationFilterChain.internalDoFilter(ApplicationFilterChain.java:178)
		at org.apache.catalina.core.ApplicationFilterChain.doFilter(ApplicationFilterChain.java:153)
		at org.apache.catalina.core.StandardWrapperValve.invoke(StandardWrapperValve.java:167)
		at org.apache.catalina.core.StandardContextValve.invoke(StandardContextValve.java:90)
		at org.apache.catalina.authenticator.AuthenticatorBase.invoke(AuthenticatorBase.java:481)
		at org.apache.catalina.core.StandardHostValve.invoke(StandardHostValve.java:130)
		at org.apache.catalina.valves.ErrorReportValve.invoke(ErrorReportValve.java:93)
		at org.apache.catalina.valves.AbstractAccessLogValve.invoke(AbstractAccessLogValve.java:673)
		at org.apache.catalina.core.StandardEngineValve.invoke(StandardEngineValve.java:74)
		at org.apache.catalina.connector.CoyoteAdapter.service(CoyoteAdapter.java:343)
		at org.apache.coyote.http11.Http11Processor.service(Http11Processor.java:390)
		at org.apache.coyote.AbstractProcessorLight.process(AbstractProcessorLight.java:63)
		at org.apache.coyote.AbstractProtocol$ConnectionHandler.process(AbstractProtocol.java:926)
		at org.apache.tomcat.util.net.NioEndpoint$SocketProcessor.doRun(NioEndpoint.java:1791)
		at org.apache.tomcat.util.net.SocketProcessorBase.run(SocketProcessorBase.java:52)
		at org.apache.tomcat.util.threads.ThreadPoolExecutor.runWorker(ThreadPoolExecutor.java:1191)
		at org.apache.tomcat.util.threads.ThreadPoolExecutor$Worker.run(ThreadPoolExecutor.java:659)
		at org.apache.tomcat.util.threads.TaskThread$WrappingRunnable.run(TaskThread.java:61)
		at java.base/java.lang.Thread.run(Thread.java:833)
01-Nov-2024 02:51:36.835 INFO [main] org.apache.catalina.core.ApplicationContext.log SessionListener: contextDestroyed()
01-Nov-2024 02:51:36.835 INFO [main] org.apache.catalina.core.ApplicationContext.log ContextListener: contextDestroyed()
01-Nov-2024 02:51:59.966 INFO [main] org.apache.catalina.core.ApplicationContext.log ContextListener: contextInitialized()
01-Nov-2024 02:51:59.966 INFO [main] org.apache.catalina.core.ApplicationContext.log SessionListener: contextInitialized()
01-Nov-2024 02:51:59.968 INFO [main] org.apache.catalina.core.ApplicationContext.log ContextListener: attributeAdded('StockTicker', 'async.Stockticker@2f2d52ef')
01-Nov-2024 03:05:58.423 INFO [main] org.apache.catalina.core.ApplicationContext.log SessionListener: contextDestroyed()
01-Nov-2024 03:05:58.423 INFO [main] org.apache.catalina.core.ApplicationContext.log ContextListener: contextDestroyed()
01-Nov-2024 03:06:26.305 INFO [main] org.apache.catalina.core.ApplicationContext.log ContextListener: contextInitialized()
01-Nov-2024 03:06:26.306 INFO [main] org.apache.catalina.core.ApplicationContext.log SessionListener: contextInitialized()
01-Nov-2024 03:06:26.307 INFO [main] org.apache.catalina.core.ApplicationContext.log ContextListener: attributeAdded('StockTicker', 'async.Stockticker@26f7cdf8')
01-Nov-2024 03:10:50.710 INFO [main] org.apache.catalina.core.ApplicationContext.log SessionListener: contextDestroyed()
01-Nov-2024 03:10:50.710 INFO [main] org.apache.catalina.core.ApplicationContext.log ContextListener: contextDestroyed()
01-Nov-2024 03:14:08.261 INFO [main] org.apache.catalina.core.ApplicationContext.log ContextListener: contextInitialized()
01-Nov-2024 03:14:08.261 INFO [main] org.apache.catalina.core.ApplicationContext.log SessionListener: contextInitialized()
01-Nov-2024 03:14:08.263 INFO [main] org.apache.catalina.core.ApplicationContext.log ContextListener: attributeAdded('StockTicker', 'async.Stockticker@67c119b7')
01-Nov-2024 03:27:54.530 INFO [main] org.apache.catalina.core.ApplicationContext.log SessionListener: contextDestroyed()
01-Nov-2024 03:27:54.531 INFO [main] org.apache.catalina.core.ApplicationContext.log ContextListener: contextDestroyed()
01-Nov-2024 07:46:36.713 INFO [main] org.apache.catalina.core.ApplicationContext.log ContextListener: contextInitialized()
01-Nov-2024 07:46:36.713 INFO [main] org.apache.catalina.core.ApplicationContext.log SessionListener: contextInitialized()
01-Nov-2024 07:46:36.715 INFO [main] org.apache.catalina.core.ApplicationContext.log ContextListener: attributeAdded('StockTicker', 'async.Stockticker@3e7545e8')
01-Nov-2024 07:46:39.544 INFO [main] org.apache.catalina.core.ApplicationContext.log SessionListener: contextDestroyed()
01-Nov-2024 07:46:39.544 INFO [main] org.apache.catalina.core.ApplicationContext.log ContextListener: contextDestroyed()
