07-Nov-2024 13:04:01.971 INFO [main] org.apache.catalina.core.ApplicationContext.log ContextListener: contextInitialized()
07-Nov-2024 13:04:01.971 INFO [main] org.apache.catalina.core.ApplicationContext.log SessionListener: contextInitialized()
07-Nov-2024 13:04:01.972 INFO [main] org.apache.catalina.core.ApplicationContext.log ContextListener: attributeAdded('StockTicker', 'async.Stockticker@151db587')
07-Nov-2024 13:04:31.552 INFO [main] org.apache.catalina.core.ApplicationContext.log ContextListener: contextInitialized()
07-Nov-2024 13:04:31.553 INFO [main] org.apache.catalina.core.ApplicationContext.log SessionListener: contextInitialized()
07-Nov-2024 13:04:31.554 INFO [main] org.apache.catalina.core.ApplicationContext.log ContextListener: attributeAdded('StockTicker', 'async.Stockticker@1f51431')
07-Nov-2024 13:04:31.973 INFO [main] org.apache.catalina.core.ApplicationContext.log SessionListener: contextDestroyed()
07-Nov-2024 13:04:31.973 INFO [main] org.apache.catalina.core.ApplicationContext.log ContextListener: contextDestroyed()
07-Nov-2024 13:04:34.235 INFO [main] org.apache.catalina.core.ApplicationContext.log SessionListener: contextDestroyed()
07-Nov-2024 13:04:34.235 INFO [main] org.apache.catalina.core.ApplicationContext.log ContextListener: contextDestroyed()
07-Nov-2024 13:05:13.757 INFO [main] org.apache.catalina.core.ApplicationContext.log ContextListener: contextInitialized()
07-Nov-2024 13:05:13.757 INFO [main] org.apache.catalina.core.ApplicationContext.log SessionListener: contextInitialized()
07-Nov-2024 13:05:13.759 INFO [main] org.apache.catalina.core.ApplicationContext.log ContextListener: attributeAdded('StockTicker', 'async.Stockticker@238acd0b')
07-Nov-2024 13:13:15.459 INFO [main] org.apache.catalina.core.ApplicationContext.log ContextListener: contextInitialized()
07-Nov-2024 13:13:15.459 INFO [main] org.apache.catalina.core.ApplicationContext.log SessionListener: contextInitialized()
07-Nov-2024 13:13:15.461 INFO [main] org.apache.catalina.core.ApplicationContext.log ContextListener: attributeAdded('StockTicker', 'async.Stockticker@7ce4de34')
07-Nov-2024 13:13:15.982 INFO [main] org.apache.catalina.core.ApplicationContext.log SessionListener: contextDestroyed()
07-Nov-2024 13:13:15.983 INFO [main] org.apache.catalina.core.ApplicationContext.log ContextListener: contextDestroyed()
07-Nov-2024 13:13:18.178 INFO [main] org.apache.catalina.core.ApplicationContext.log ContextListener: contextInitialized()
07-Nov-2024 13:13:18.179 INFO [main] org.apache.catalina.core.ApplicationContext.log SessionListener: contextInitialized()
07-Nov-2024 13:13:18.180 INFO [main] org.apache.catalina.core.ApplicationContext.log ContextListener: attributeAdded('StockTicker', 'async.Stockticker@1f51431')
07-Nov-2024 13:13:18.686 INFO [main] org.apache.catalina.core.ApplicationContext.log SessionListener: contextDestroyed()
07-Nov-2024 13:13:18.686 INFO [main] org.apache.catalina.core.ApplicationContext.log ContextListener: contextDestroyed()
07-Nov-2024 13:13:36.827 INFO [main] org.apache.catalina.core.ApplicationContext.log SessionListener: contextDestroyed()
07-Nov-2024 13:13:36.827 INFO [main] org.apache.catalina.core.ApplicationContext.log ContextListener: contextDestroyed()
07-Nov-2024 13:16:25.831 INFO [main] org.apache.catalina.core.ApplicationContext.log ContextListener: contextInitialized()
07-Nov-2024 13:16:25.831 INFO [main] org.apache.catalina.core.ApplicationContext.log SessionListener: contextInitialized()
07-Nov-2024 13:16:25.833 INFO [main] org.apache.catalina.core.ApplicationContext.log ContextListener: attributeAdded('StockTicker', 'async.Stockticker@2f2d52ef')
07-Nov-2024 13:17:09.342 INFO [main] org.apache.catalina.core.ApplicationContext.log SessionListener: contextDestroyed()
07-Nov-2024 13:17:09.342 INFO [main] org.apache.catalina.core.ApplicationContext.log ContextListener: contextDestroyed()
